<?xml version="1.0" encoding="UTF-8"?>
<!-- Generated by org.testng.reporters.JUnitReportReporter -->
<testsuite hostname="DESKTOP-Q1A7LEL" failures="0" tests="1" name="org.iit.healthcare.mmp.adminmodule.tests.AdminCreateReportTests" time="2.135" errors="0" timestamp="22 Jan 2021 22:58:16 GMT" skipped="0">
  <testcase classname="org.iit.healthcare.mmp.adminmodule.tests.AdminCreateReportTests" name="validateIfFeeIsAddedToPatientPortal" time="2.135"/>
</testsuite> <!-- org.iit.healthcare.mmp.adminmodule.tests.AdminCreateReportTests -->
