<?xml version="1.0" encoding="UTF-8"?>
<!-- Generated by org.testng.reporters.JUnitReportReporter -->
<testsuite hostname="DESKTOP-Q1A7LEL" failures="0" tests="1" name="org.iit.healthcare.mmp.patientmodule.tests.UpdatePatientProfilePageTest" time="225.788" errors="0" timestamp="05 Jan 2021 21:18:22 GMT" skipped="0">
  <testcase classname="org.iit.healthcare.mmp.patientmodule.tests.UpdatePatientProfilePageTest" name="validateUpdateProfilePage" time="225.788"/>
</testsuite> <!-- org.iit.healthcare.mmp.patientmodule.tests.UpdatePatientProfilePageTest -->
