<?xml version="1.0" encoding="UTF-8"?>
<!-- Generated by org.testng.reporters.JUnitReportReporter -->
<testsuite hostname="DESKTOP-Q1A7LEL" failures="0" tests="1" name="org.iit.healthcare.mmp.patientmodule.tests.PatientRegistrationTests" time="7.730" errors="0" timestamp="17 Jan 2021 01:52:29 GMT" skipped="0">
  <testcase classname="org.iit.healthcare.mmp.patientmodule.tests.PatientRegistrationTests" name="validateRegistration" time="7.730"/>
</testsuite> <!-- org.iit.healthcare.mmp.patientmodule.tests.PatientRegistrationTests -->
