<?xml version="1.0" encoding="UTF-8"?>
<!-- Generated by org.testng.reporters.JUnitReportReporter -->
<testsuite hostname="DESKTOP-Q1A7LEL" failures="0" tests="1" name="org.iit.healthcare.mmp.patientmodule.tests.ScheduleAppointmentTests" time="42.489" errors="0" timestamp="17 Jan 2021 03:37:36 GMT" skipped="0">
  <testcase classname="org.iit.healthcare.mmp.patientmodule.tests.ScheduleAppointmentTests" name="validateScheduledAppointment" time="42.489"/>
</testsuite> <!-- org.iit.healthcare.mmp.patientmodule.tests.ScheduleAppointmentTests -->
