<?xml version="1.0" encoding="UTF-8"?>
<!-- Generated by org.testng.reporters.JUnitReportReporter -->
<testsuite hostname="DESKTOP-Q1A7LEL" failures="0" tests="1" name="org.iit.healthcare.mmp.patientmodule.tests.PatientPayFeesTests" time="23.214" errors="0" timestamp="17 Jan 2021 21:43:33 GMT" skipped="0">
  <testcase classname="org.iit.healthcare.mmp.patientmodule.tests.PatientPayFeesTests" name="verifyAmountDisplayedOnCardDetailsPage" time="23.214"/>
</testsuite> <!-- org.iit.healthcare.mmp.patientmodule.tests.PatientPayFeesTests -->
