<?xml version="1.0" encoding="UTF-8"?>
<!-- Generated by org.testng.reporters.JUnitReportReporter -->
<testsuite hostname="DESKTOP-Q1A7LEL" failures="0" tests="1" name="org.iit.healthcare.mmp.patientmodule.tests.PatientHomePageTests" time="197.476" errors="0" timestamp="16 Jan 2021 22:04:35 GMT" skipped="0">
  <testcase classname="org.iit.healthcare.mmp.patientmodule.tests.PatientHomePageTests" name="validateHomePage" time="197.476"/>
</testsuite> <!-- org.iit.healthcare.mmp.patientmodule.tests.PatientHomePageTests -->
