<?xml version="1.0" encoding="UTF-8"?>
<!-- Generated by org.testng.reporters.JUnitReportReporter -->
<testsuite hostname="DESKTOP-Q1A7LEL" failures="0" tests="1" name="org.iit.healthcare.mmp.adminmodule.tests.AdminMessagesTests" time="12.731" errors="0" timestamp="18 Jan 2021 19:32:44 GMT" skipped="0">
  <testcase classname="org.iit.healthcare.mmp.adminmodule.tests.AdminMessagesTests" name="AdminModuleMessagesTests" time="12.731"/>
</testsuite> <!-- org.iit.healthcare.mmp.adminmodule.tests.AdminMessagesTests -->
