<?xml version="1.0" encoding="UTF-8"?>
<!-- Generated by org.testng.reporters.JUnitReportReporter -->
<testsuite hostname="DESKTOP-Q1A7LEL" failures="0" tests="1" name="org.iit.healthcare.mmp.patientmodule.tests.ScheduleAppointmentTests" time="48.495" errors="0" timestamp="13 Dec 2020 19:05:24 GMT" skipped="0">
  <testcase classname="org.iit.healthcare.mmp.patientmodule.tests.ScheduleAppointmentTests" name="validateScheduledAppointment" time="48.495"/>
</testsuite> <!-- org.iit.healthcare.mmp.patientmodule.tests.ScheduleAppointmentTests -->
