<?xml version="1.0" encoding="UTF-8"?>
<!-- Generated by org.testng.reporters.JUnitReportReporter -->
<testsuite hostname="DESKTOP-Q1A7LEL" failures="0" tests="5" name="org.iit.healthcare.mmp.patientmodule.tests.SearchSymptomsTests" time="27.008" errors="0" timestamp="17 Jan 2021 20:41:09 GMT" skipped="0">
  <testcase classname="org.iit.healthcare.mmp.patientmodule.tests.SearchSymptomsTests" name="validateSearchSymptomsRows" time="14.604"/>
  <testcase classname="org.iit.healthcare.mmp.patientmodule.tests.SearchSymptomsTests" name="validateSearchSymptomsRows" time="3.169"/>
  <testcase classname="org.iit.healthcare.mmp.patientmodule.tests.SearchSymptomsTests" name="validateSearchSymptomsRows" time="3.170"/>
  <testcase classname="org.iit.healthcare.mmp.patientmodule.tests.SearchSymptomsTests" name="validateSearchSymptomsData" time="2.932"/>
  <testcase classname="org.iit.healthcare.mmp.patientmodule.tests.SearchSymptomsTests" name="mapTest" time="3.133"/>
</testsuite> <!-- org.iit.healthcare.mmp.patientmodule.tests.SearchSymptomsTests -->
