<?xml version="1.0" encoding="UTF-8"?>
<!-- Generated by org.testng.reporters.JUnitReportReporter -->
<testsuite hostname="DESKTOP-Q1A7LEL" failures="0" tests="1" name="org.iit.healthcare.mmp.patientmodule.tests.PatientHomePageTests" time="6.934" errors="0" timestamp="22 Jan 2021 22:05:56 GMT" skipped="0">
  <testcase classname="org.iit.healthcare.mmp.patientmodule.tests.PatientHomePageTests" name="validateHomePage" time="6.934"/>
</testsuite> <!-- org.iit.healthcare.mmp.patientmodule.tests.PatientHomePageTests -->
